<?xml version="1.0" encoding="UTF-8"?>
<!-- Generated by org.testng.reporters.JUnitXMLReporter -->
<testsuite ignored="0" hostname="Kaushik" failures="3" tests="3" name="Wifi Settings Test Case" time="66.833" errors="0" timestamp="2024-01-19T18:11:43 IST">
  <testcase classname="com.appium.test.WifiSettingsTest" name="WifiSettings" time="6.96">
    <failure type="java.lang.AssertionError" message="OK text is not found expected [HI] but found [OK]">
      <![CDATA[java.lang.AssertionError: OK text is not found expected [HI] but found [OK]
at com.appium.utilities.Utilities.AssertTextAndroid(Utilities.java:51)
at com.appium.test.WifiSettingsTest.WifiSettings(WifiSettingsTest.java:223)
at java.base/java.util.ArrayList.forEach(ArrayList.java:1511)
... Removed 36 stack frames]]>
    </failure>
  </testcase> <!-- WifiSettings -->
  <testcase classname="com.appium.test.WifiSettingsTest" name="WifiSettings" time="6.847">
    <failure type="java.lang.AssertionError" message="OK text is not found expected [HI] but found [OK]">
      <![CDATA[java.lang.AssertionError: OK text is not found expected [HI] but found [OK]
at com.appium.utilities.Utilities.AssertTextAndroid(Utilities.java:51)
at com.appium.test.WifiSettingsTest.WifiSettings(WifiSettingsTest.java:223)
at java.base/java.util.ArrayList.forEach(ArrayList.java:1511)
... Removed 36 stack frames]]>
    </failure>
  </testcase> <!-- WifiSettings -->
  <testcase classname="com.appium.test.WifiSettingsTest" name="WifiSettings" time="6.447">
    <failure type="java.lang.AssertionError" message="OK text is not found expected [HI] but found [OK]">
      <![CDATA[java.lang.AssertionError: OK text is not found expected [HI] but found [OK]
at com.appium.utilities.Utilities.AssertTextAndroid(Utilities.java:51)
at com.appium.test.WifiSettingsTest.WifiSettings(WifiSettingsTest.java:223)
at java.base/java.util.ArrayList.forEach(ArrayList.java:1511)
... Removed 36 stack frames]]>
    </failure>
  </testcase> <!-- WifiSettings -->
</testsuite> <!-- Wifi Settings Test Case -->
